2022-11-14T16:29:42.138 [restartedMain] [INFO] [c.f.recipes.RecipesApplication] Starting RecipesApplication using Java 19.0.1 on notebook with PID 174596 (/home/craig/eclipse-workspace/recipes/target/classes started by craig in /home/craig/eclipse-workspace/recipes)
2022-11-14T16:29:42.141 [restartedMain] [INFO] [c.f.recipes.RecipesApplication] No active profile set, falling back to 1 default profile: "default"
2022-11-14T16:29:42.174 [restartedMain] [INFO] [o.s.b.d.e.DevToolsPropertyDefaultsPostProcessor] Devtools property defaults active! Set 'spring.devtools.add-properties' to 'false' to disable
2022-11-14T16:29:42.175 [restartedMain] [INFO] [o.s.b.d.e.DevToolsPropertyDefaultsPostProcessor] For additional web related logging consider setting the 'logging.level.web' property to 'DEBUG'
2022-11-14T16:29:42.467 [restartedMain] [INFO] [o.s.d.r.c.RepositoryConfigurationDelegate] Multiple Spring Data modules found, entering strict repository configuration mode
2022-11-14T16:29:42.467 [restartedMain] [INFO] [o.s.d.r.c.RepositoryConfigurationDelegate] Bootstrapping Spring Data JDBC repositories in DEFAULT mode.
2022-11-14T16:29:42.480 [restartedMain] [INFO] [o.s.d.r.c.RepositoryConfigurationExtensionSupport] Spring Data JDBC - Could not safely identify store assignment for repository candidate interface ca.footeware.recipes.repositories.ImageRepository; If you want this repository to be a JDBC repository, consider annotating your entities with one of these annotations: org.springframework.data.relational.core.mapping.Table.
2022-11-14T16:29:42.481 [restartedMain] [INFO] [o.s.d.r.c.RepositoryConfigurationExtensionSupport] Spring Data JDBC - Could not safely identify store assignment for repository candidate interface ca.footeware.recipes.repositories.RecipeRepository; If you want this repository to be a JDBC repository, consider annotating your entities with one of these annotations: org.springframework.data.relational.core.mapping.Table.
2022-11-14T16:29:42.482 [restartedMain] [INFO] [o.s.d.r.c.RepositoryConfigurationExtensionSupport] Spring Data JDBC - Could not safely identify store assignment for repository candidate interface ca.footeware.recipes.repositories.TagRepository; If you want this repository to be a JDBC repository, consider annotating your entities with one of these annotations: org.springframework.data.relational.core.mapping.Table.
2022-11-14T16:29:42.482 [restartedMain] [INFO] [o.s.d.r.c.RepositoryConfigurationDelegate] Finished Spring Data repository scanning in 12 ms. Found 0 JDBC repository interfaces.
2022-11-14T16:29:42.488 [restartedMain] [INFO] [o.s.d.r.c.RepositoryConfigurationDelegate] Multiple Spring Data modules found, entering strict repository configuration mode
2022-11-14T16:29:42.489 [restartedMain] [INFO] [o.s.d.r.c.RepositoryConfigurationDelegate] Bootstrapping Spring Data JPA repositories in DEFAULT mode.
2022-11-14T16:29:42.501 [restartedMain] [INFO] [o.s.d.r.c.RepositoryConfigurationDelegate] Finished Spring Data repository scanning in 9 ms. Found 3 JPA repository interfaces.
2022-11-14T16:29:42.783 [restartedMain] [INFO] [o.s.b.w.e.tomcat.TomcatWebServer] Tomcat initialized with port(s): 8080 (http)
2022-11-14T16:29:42.788 [restartedMain] [INFO] [o.a.coyote.http11.Http11NioProtocol] Initializing ProtocolHandler ["http-nio-8080"]
2022-11-14T16:29:42.788 [restartedMain] [INFO] [o.a.catalina.core.StandardService] Starting service [Tomcat]
2022-11-14T16:29:42.788 [restartedMain] [INFO] [o.a.catalina.core.StandardEngine] Starting Servlet engine: [Apache Tomcat/9.0.68]
2022-11-14T16:29:42.819 [restartedMain] [INFO] [o.a.c.c.C.[Tomcat].[localhost].[/]] Initializing Spring embedded WebApplicationContext
2022-11-14T16:29:42.819 [restartedMain] [INFO] [o.s.b.w.s.c.ServletWebServerApplicationContext] Root WebApplicationContext: initialization completed in 644 ms
2022-11-14T16:29:42.834 [restartedMain] [INFO] [com.zaxxer.hikari.HikariDataSource] HikariPool-1 - Starting...
2022-11-14T16:29:43.021 [restartedMain] [INFO] [com.zaxxer.hikari.HikariDataSource] HikariPool-1 - Start completed.
2022-11-14T16:29:43.026 [restartedMain] [INFO] [o.s.b.a.h.H2ConsoleAutoConfiguration] H2 console available at '/h2-console'. Database available at 'jdbc:h2:tcp://server:9092//home/craig/recipes'
2022-11-14T16:29:43.112 [restartedMain] [INFO] [o.h.jpa.internal.util.LogHelper] HHH000204: Processing PersistenceUnitInfo [name: default]
2022-11-14T16:29:43.140 [restartedMain] [INFO] [org.hibernate.Version] HHH000412: Hibernate ORM core version 5.6.12.Final
2022-11-14T16:29:43.223 [restartedMain] [INFO] [o.h.annotations.common.Version] HCANN000001: Hibernate Commons Annotations {5.1.2.Final}
2022-11-14T16:29:43.269 [restartedMain] [INFO] [org.hibernate.dialect.Dialect] HHH000400: Using dialect: org.hibernate.dialect.H2Dialect
2022-11-14T16:29:43.537 [restartedMain] [INFO] [o.h.e.t.j.p.i.JtaPlatformInitiator] HHH000490: Using JtaPlatform implementation: [org.hibernate.engine.transaction.jta.platform.internal.NoJtaPlatform]
2022-11-14T16:29:43.541 [restartedMain] [INFO] [o.s.o.j.LocalContainerEntityManagerFactoryBean] Initialized JPA EntityManagerFactory for persistence unit 'default'
2022-11-14T16:29:43.681 [restartedMain] [WARN] [o.s.b.a.o.j.JpaBaseConfiguration$JpaWebConfiguration] spring.jpa.open-in-view is enabled by default. Therefore, database queries may be performed during view rendering. Explicitly configure spring.jpa.open-in-view to disable this warning
2022-11-14T16:29:43.747 [restartedMain] [INFO] [o.s.b.a.w.s.WelcomePageHandlerMapping] Adding welcome page template: index
2022-11-14T16:29:43.953 [restartedMain] [INFO] [o.s.s.web.DefaultSecurityFilterChain] Will secure any request with [org.springframework.security.web.session.DisableEncodeUrlFilter@20bb758f, org.springframework.security.web.context.request.async.WebAsyncManagerIntegrationFilter@7fec55e2, org.springframework.security.web.context.SecurityContextPersistenceFilter@77f28ddc, org.springframework.security.web.header.HeaderWriterFilter@63b1d327, org.springframework.security.web.csrf.CsrfFilter@af13aef, org.springframework.security.web.authentication.logout.LogoutFilter@7e420f13, org.springframework.security.web.authentication.UsernamePasswordAuthenticationFilter@5e826652, org.springframework.security.web.authentication.ui.DefaultLoginPageGeneratingFilter@3da1a0d4, org.springframework.security.web.authentication.ui.DefaultLogoutPageGeneratingFilter@1111f9b6, org.springframework.security.web.authentication.www.BasicAuthenticationFilter@f6a0c46, org.springframework.security.web.savedrequest.RequestCacheAwareFilter@54d7cad8, org.springframework.security.web.servletapi.SecurityContextHolderAwareRequestFilter@6919bedc, org.springframework.security.web.authentication.AnonymousAuthenticationFilter@554780a5, org.springframework.security.web.session.SessionManagementFilter@40b2139, org.springframework.security.web.access.ExceptionTranslationFilter@41ee8a1c, org.springframework.security.web.access.intercept.FilterSecurityInterceptor@179fd983]
2022-11-14T16:29:43.972 [restartedMain] [INFO] [o.s.b.d.a.OptionalLiveReloadServer] LiveReload server is running on port 35729
2022-11-14T16:29:43.983 [restartedMain] [INFO] [o.a.coyote.http11.Http11NioProtocol] Starting ProtocolHandler ["http-nio-8080"]
2022-11-14T16:29:43.990 [restartedMain] [INFO] [o.s.b.w.e.tomcat.TomcatWebServer] Tomcat started on port(s): 8080 (http) with context path ''
2022-11-14T16:29:43.996 [restartedMain] [INFO] [c.f.recipes.RecipesApplication] Started RecipesApplication in 2.037 seconds (JVM running for 2.376)
2022-11-14T16:32:25.852 [RMI TCP Connection(12)-127.0.0.1] [INFO] [o.s.b.a.SpringApplicationAdminMXBeanRegistrar$SpringApplicationAdmin] Application shutdown requested.
2022-11-14T16:32:25.855 [RMI TCP Connection(12)-127.0.0.1] [INFO] [o.a.coyote.http11.Http11NioProtocol] Pausing ProtocolHandler ["http-nio-8080"]
2022-11-14T16:32:25.855 [RMI TCP Connection(12)-127.0.0.1] [INFO] [o.a.catalina.core.StandardService] Stopping service [Tomcat]
2022-11-14T16:32:25.856 [RMI TCP Connection(12)-127.0.0.1] [INFO] [o.a.coyote.http11.Http11NioProtocol] Stopping ProtocolHandler ["http-nio-8080"]
2022-11-14T16:32:25.857 [RMI TCP Connection(12)-127.0.0.1] [INFO] [o.a.coyote.http11.Http11NioProtocol] Destroying ProtocolHandler ["http-nio-8080"]
2022-11-14T16:32:25.860 [RMI TCP Connection(12)-127.0.0.1] [INFO] [o.s.o.j.LocalContainerEntityManagerFactoryBean] Closing JPA EntityManagerFactory for persistence unit 'default'
2022-11-14T16:32:25.861 [RMI TCP Connection(12)-127.0.0.1] [INFO] [com.zaxxer.hikari.HikariDataSource] HikariPool-1 - Shutdown initiated...
2022-11-14T16:32:25.863 [RMI TCP Connection(12)-127.0.0.1] [INFO] [com.zaxxer.hikari.HikariDataSource] HikariPool-1 - Shutdown completed.
